<?xml version="1.0" encoding="UTF-8"?>
<!-- Generated by org.testng.reporters.JUnitXMLReporter -->
<testsuite ignored="0" hostname="PRINCY" failures="1" tests="3" name="chrome test" time="14.917" errors="0" timestamp="2025-06-19T12:42:23 IST">
  <testcase classname="projecttesting.Logintest" name="validateWhetherUserCanAbleToLogin" time="1.096">
    <skipped/>
  </testcase> <!-- validateWhetherUserCanAbleToLogin -->
  <testcase classname="projecttesting.Logintest" name="validateWhetherUserCanAbleToLogin" time="0.068">
    <skipped/>
  </testcase> <!-- validateWhetherUserCanAbleToLogin -->
  <testcase classname="projecttesting.Logintest" name="validateWhetherUserCanAbleToLogin" time="0.067">
    <failure type="java.lang.NullPointerException" message="Cannot invoke &amp;quot;org.apache.poi.xssf.usermodel.XSSFCell.getStringCellValue()&amp;quot; because &amp;quot;c&amp;quot; is null">
      <![CDATA[java.lang.NullPointerException: Cannot invoke "org.apache.poi.xssf.usermodel.XSSFCell.getStringCellValue()" because "c" is null
at utility.ExcelUtility.getStringdata(ExcelUtility.java:26)
at projecttesting.Logintest.validateWhetherUserCanAbleToLogin(Logintest.java:22)
at java.base/java.util.ArrayList.forEach(ArrayList.java:1596)
... Removed 25 stack frames]]>
    </failure>
  </testcase> <!-- validateWhetherUserCanAbleToLogin -->
</testsuite> <!-- chrome test -->
