<?xml version="1.0" encoding="UTF-8"?>
<!-- Generated by org.testng.reporters.JUnitXMLReporter -->
<testsuite ignored="2" hostname="PRINCY" failures="0" tests="1" name="grouping" time="6.858" errors="0" timestamp="2025-06-24T12:29:48 IST">
  <testcase classname="projecttesting.Logintest" name="parameterViaLogin" time="1.421"/>
  <testcase classname="projecttesting.Logintest" name="dataprovider" time="0.0">
    <ignored/>
  </testcase> <!-- dataprovider -->
  <testcase classname="projecttesting.Logintest" name="validateWhetherUserCanAbleToLogin" time="0.0">
    <ignored/>
  </testcase> <!-- validateWhetherUserCanAbleToLogin -->
</testsuite> <!-- grouping -->
