<?xml version="1.0" encoding="UTF-8"?>
<!-- Generated by org.testng.reporters.JUnitXMLReporter -->
<testsuite ignored="0" hostname="PRINCY" failures="2" tests="6" name="chrome test" time="41.749" errors="0" timestamp="2025-06-20T11:25:18 IST">
  <testcase classname="projecttesting.Logintest" name="dataprovider" time="2.719"/>
  <testcase classname="projecttesting.Logintest" name="dataprovider" time="1.925"/>
  <testcase classname="projecttesting.Logintest" name="parameterViaLogin" time="0.0">
    <failure type="org.testng.TestNGException" message="
Parameter &amp;apos;username&amp;apos; is required by @Test on method parameterViaLogin but has not been marked @Optional or defined
in C:\Users\princ\eclipse-workspace\mainproject\multibrowser.xml">
      <![CDATA[org.testng.TestNGException: 
Parameter 'username' is required by @Test on method parameterViaLogin but has not been marked @Optional or defined
in C:\Users\princ\eclipse-workspace\mainproject\multibrowser.xml
at java.base/java.util.ArrayList.forEach(ArrayList.java:1596)
at java.base/java.util.concurrent.FutureTask.run(FutureTask.java:317)
at java.base/java.util.concurrent.ThreadPoolExecutor.runWorker(ThreadPoolExecutor.java:1144)
at java.base/java.util.concurrent.ThreadPoolExecutor$Worker.run(ThreadPoolExecutor.java:642)
at java.base/java.lang.Thread.run(Thread.java:1583)
... Removed 16 stack frames]]>
    </failure>
  </testcase> <!-- parameterViaLogin -->
  <testcase classname="projecttesting.Logintest" name="validateWhetherUserCanAbleToLogin" time="2.145">
    <skipped/>
  </testcase> <!-- validateWhetherUserCanAbleToLogin -->
  <testcase classname="projecttesting.Logintest" name="validateWhetherUserCanAbleToLogin" time="0.121">
    <skipped/>
  </testcase> <!-- validateWhetherUserCanAbleToLogin -->
  <testcase classname="projecttesting.Logintest" name="validateWhetherUserCanAbleToLogin" time="0.075">
    <failure type="java.lang.NullPointerException" message="Cannot invoke &amp;quot;org.apache.poi.xssf.usermodel.XSSFCell.getStringCellValue()&amp;quot; because &amp;quot;c&amp;quot; is null">
      <![CDATA[java.lang.NullPointerException: Cannot invoke "org.apache.poi.xssf.usermodel.XSSFCell.getStringCellValue()" because "c" is null
at utility.ExcelUtility.getStringdata(ExcelUtility.java:26)
at projecttesting.Logintest.validateWhetherUserCanAbleToLogin(Logintest.java:24)
at java.base/java.util.ArrayList.forEach(ArrayList.java:1596)
at java.base/java.util.concurrent.FutureTask.run(FutureTask.java:317)
at java.base/java.util.concurrent.ThreadPoolExecutor.runWorker(ThreadPoolExecutor.java:1144)
at java.base/java.util.concurrent.ThreadPoolExecutor$Worker.run(ThreadPoolExecutor.java:642)
at java.base/java.lang.Thread.run(Thread.java:1583)
... Removed 15 stack frames]]>
    </failure>
  </testcase> <!-- validateWhetherUserCanAbleToLogin -->
</testsuite> <!-- chrome test -->
