<?xml version="1.0" encoding="UTF-8"?>
<testng-results ignored="0" total="1" passed="1" failed="0" skipped="0">
  <reporter-output>
  </reporter-output>
  <suite started-at="2025-06-24T12:29:41 IST" name="Suite" finished-at="2025-06-24T12:29:48 IST" duration-ms="6858">
    <groups>
      <group name="regressiontest">
        <method signature="Logintest.parameterViaLogin(java.lang.String,java.lang.String)[pri:0, instance:projecttesting.Logintest@36ebc363]" name="parameterViaLogin" class="projecttesting.Logintest"/>
      </group> <!-- regressiontest -->
    </groups>
    <test started-at="2025-06-24T12:29:41 IST" name="grouping" finished-at="2025-06-24T12:29:48 IST" duration-ms="6858">
      <class name="projecttesting.Logintest">
        <test-method is-config="true" signature="beforeMethod(java.lang.String)[pri:0, instance:projecttesting.Logintest@36ebc363]" started-at="2025-06-24T12:29:41 IST" name="beforeMethod" finished-at="2025-06-24T12:29:47 IST" duration-ms="5357" status="PASS">
          <params>
            <param index="0">
              <value>
                <![CDATA[chrome]]>
              </value>
            </param>
          </params>
          <reporter-output>
          </reporter-output>
        </test-method> <!-- beforeMethod -->
        <test-method signature="parameterViaLogin(java.lang.String,java.lang.String)[pri:0, instance:projecttesting.Logintest@36ebc363]" started-at="2025-06-24T12:29:47 IST" name="parameterViaLogin" finished-at="2025-06-24T12:29:48 IST" duration-ms="1421" status="PASS">
          <params>
            <param index="0">
              <value>
                <![CDATA[admin]]>
              </value>
            </param>
            <param index="1">
              <value>
                <![CDATA[admin]]>
              </value>
            </param>
          </params>
          <reporter-output>
          </reporter-output>
        </test-method> <!-- parameterViaLogin -->
      </class> <!-- projecttesting.Logintest -->
    </test> <!-- grouping -->
  </suite> <!-- Suite -->
</testng-results>
